2016-04-06 08:59:54,470 [Worker-1] INFO  o.e.m.c.i.l.LifecycleMappingFactory - Using org.eclipse.m2e.jdt.JarLifecycleMapping lifecycle mapping for MavenProject: com.boot:das-boot:0.0.1-SNAPSHOT @ C:\Users\vchou5\Desktop\EMSNew\das-boot\pom.xml.
2016-04-06 08:59:56,984 [Worker-1] INFO  o.e.m.c.i.embedder.EclipseLogger - Using 'UTF-8' encoding to copy filtered resources.
2016-04-06 08:59:56,994 [Worker-1] INFO  o.e.m.c.i.embedder.EclipseLogger - Copying 1 resource
2016-04-06 08:59:57,004 [Worker-1] INFO  o.e.m.c.i.embedder.EclipseLogger - Copying 60 resources
2016-04-06 08:59:57,164 [Worker-1] INFO  o.e.m.c.i.embedder.EclipseLogger - Using 'UTF-8' encoding to copy filtered resources.
2016-04-06 08:59:57,164 [Worker-1] INFO  o.e.m.c.i.embedder.EclipseLogger - skip non existing resourceDirectory C:\Users\vchou5\Desktop\EMSNew\das-boot\src\test\resources
2016-04-06 09:03:04,131 [Worker-9] ERROR o.e.m.c.embedder.MavenModelManager - Project read error
org.eclipse.aether.collection.DependencyCollectionException: Failed to collect dependencies at org.springframework.boot:spring-boot-starter-data-jpa:jar:1.3.1.RELEASE -> org.springframework.data:spring-data-jpa:jar:1.9.2.RELEASE -> org.springframework:spring-orm:jar:4.2.4.RELEASE
	at org.eclipse.aether.internal.impl.DefaultDependencyCollector.collectDependencies(DefaultDependencyCollector.java:291) ~[aether-impl-1.0.2.v20150114.jar:na]
	at org.eclipse.aether.internal.impl.DefaultRepositorySystem.collectDependencies(DefaultRepositorySystem.java:316) ~[aether-impl-1.0.2.v20150114.jar:na]
	at org.eclipse.m2e.core.embedder.MavenModelManager.readDependencyTree(MavenModelManager.java:230) [org.eclipse.m2e.core_1.6.2.20150902-0002.jar:na]
	at org.eclipse.m2e.core.embedder.MavenModelManager$1.call(MavenModelManager.java:187) [org.eclipse.m2e.core_1.6.2.20150902-0002.jar:na]
	at org.eclipse.m2e.core.embedder.MavenModelManager$1.call(MavenModelManager.java:1) [org.eclipse.m2e.core_1.6.2.20150902-0002.jar:na]
	at org.eclipse.m2e.core.internal.embedder.MavenExecutionContext.executeBare(MavenExecutionContext.java:176) [org.eclipse.m2e.core_1.6.2.20150902-0002.jar:na]
	at org.eclipse.m2e.core.internal.embedder.MavenExecutionContext.execute(MavenExecutionContext.java:112) [org.eclipse.m2e.core_1.6.2.20150902-0002.jar:na]
	at org.eclipse.m2e.core.internal.project.registry.MavenProjectManager$1.call(MavenProjectManager.java:124) [org.eclipse.m2e.core_1.6.2.20150902-0002.jar:na]
	at org.eclipse.m2e.core.internal.embedder.MavenExecutionContext.executeBare(MavenExecutionContext.java:176) [org.eclipse.m2e.core_1.6.2.20150902-0002.jar:na]
	at org.eclipse.m2e.core.internal.embedder.MavenExecutionContext.execute(MavenExecutionContext.java:151) [org.eclipse.m2e.core_1.6.2.20150902-0002.jar:na]
	at org.eclipse.m2e.core.internal.embedder.MavenExecutionContext.execute(MavenExecutionContext.java:99) [org.eclipse.m2e.core_1.6.2.20150902-0002.jar:na]
	at org.eclipse.m2e.core.internal.project.registry.MavenProjectManager.execute(MavenProjectManager.java:122) [org.eclipse.m2e.core_1.6.2.20150902-0002.jar:na]
	at org.eclipse.m2e.core.embedder.MavenModelManager.readDependencyTree(MavenModelManager.java:191) [org.eclipse.m2e.core_1.6.2.20150902-0002.jar:na]
	at org.eclipse.m2e.editor.pom.MavenPomEditor.readDependencyTree(MavenPomEditor.java:684) [org.eclipse.m2e.editor_1.6.2.20150902-0002.jar:na]
	at org.eclipse.m2e.editor.pom.DependencyTreePage$1.run(DependencyTreePage.java:222) [org.eclipse.m2e.editor_1.6.2.20150902-0002.jar:na]
	at org.eclipse.core.internal.jobs.Worker.run(Worker.java:55) [org.eclipse.core.jobs_3.7.0.v20150330-2103.jar:na]
Caused by: org.eclipse.aether.resolution.ArtifactDescriptorException: Failed to read artifact descriptor for org.springframework:spring-orm:jar:4.2.4.RELEASE
	at org.apache.maven.repository.internal.DefaultArtifactDescriptorReader.loadPom(DefaultArtifactDescriptorReader.java:302) ~[maven-aether-provider-3.3.3.jar:3.3.3]
	at org.apache.maven.repository.internal.DefaultArtifactDescriptorReader.readArtifactDescriptor(DefaultArtifactDescriptorReader.java:218) ~[maven-aether-provider-3.3.3.jar:3.3.3]
	at org.eclipse.aether.internal.impl.DefaultDependencyCollector.resolveCachedArtifactDescriptor(DefaultDependencyCollector.java:535) ~[aether-impl-1.0.2.v20150114.jar:na]
	at org.eclipse.aether.internal.impl.DefaultDependencyCollector.getArtifactDescriptorResult(DefaultDependencyCollector.java:519) ~[aether-impl-1.0.2.v20150114.jar:na]
	at org.eclipse.aether.internal.impl.DefaultDependencyCollector.processDependency(DefaultDependencyCollector.java:409) ~[aether-impl-1.0.2.v20150114.jar:na]
	at org.eclipse.aether.internal.impl.DefaultDependencyCollector.processDependency(DefaultDependencyCollector.java:363) ~[aether-impl-1.0.2.v20150114.jar:na]
	at org.eclipse.aether.internal.impl.DefaultDependencyCollector.process(DefaultDependencyCollector.java:351) ~[aether-impl-1.0.2.v20150114.jar:na]
	at org.eclipse.aether.internal.impl.DefaultDependencyCollector.doRecurse(DefaultDependencyCollector.java:504) ~[aether-impl-1.0.2.v20150114.jar:na]
	at org.eclipse.aether.internal.impl.DefaultDependencyCollector.processDependency(DefaultDependencyCollector.java:458) ~[aether-impl-1.0.2.v20150114.jar:na]
	at org.eclipse.aether.internal.impl.DefaultDependencyCollector.processDependency(DefaultDependencyCollector.java:363) ~[aether-impl-1.0.2.v20150114.jar:na]
	at org.eclipse.aether.internal.impl.DefaultDependencyCollector.process(DefaultDependencyCollector.java:351) ~[aether-impl-1.0.2.v20150114.jar:na]
	at org.eclipse.aether.internal.impl.DefaultDependencyCollector.doRecurse(DefaultDependencyCollector.java:504) ~[aether-impl-1.0.2.v20150114.jar:na]
	at org.eclipse.aether.internal.impl.DefaultDependencyCollector.processDependency(DefaultDependencyCollector.java:458) ~[aether-impl-1.0.2.v20150114.jar:na]
	at org.eclipse.aether.internal.impl.DefaultDependencyCollector.processDependency(DefaultDependencyCollector.java:363) ~[aether-impl-1.0.2.v20150114.jar:na]
	at org.eclipse.aether.internal.impl.DefaultDependencyCollector.process(DefaultDependencyCollector.java:351) ~[aether-impl-1.0.2.v20150114.jar:na]
	at org.eclipse.aether.internal.impl.DefaultDependencyCollector.collectDependencies(DefaultDependencyCollector.java:254) ~[aether-impl-1.0.2.v20150114.jar:na]
	... 15 common frames omitted
Caused by: org.eclipse.aether.resolution.ArtifactResolutionException: Failure to transfer org.springframework:spring-orm:pom:4.2.4.RELEASE from https://repo.maven.apache.org/maven2 was cached in the local repository, resolution will not be reattempted until the update interval of central has elapsed or updates are forced. Original error: Could not transfer artifact org.springframework:spring-orm:pom:4.2.4.RELEASE from/to central (https://repo.maven.apache.org/maven2): The operation was cancelled.
	at org.eclipse.aether.internal.impl.DefaultArtifactResolver.resolve(DefaultArtifactResolver.java:444) ~[aether-impl-1.0.2.v20150114.jar:na]
	at org.eclipse.aether.internal.impl.DefaultArtifactResolver.resolveArtifacts(DefaultArtifactResolver.java:246) ~[aether-impl-1.0.2.v20150114.jar:na]
	at org.eclipse.aether.internal.impl.DefaultArtifactResolver.resolveArtifact(DefaultArtifactResolver.java:223) ~[aether-impl-1.0.2.v20150114.jar:na]
	at org.apache.maven.repository.internal.DefaultArtifactDescriptorReader.loadPom(DefaultArtifactDescriptorReader.java:287) ~[maven-aether-provider-3.3.3.jar:3.3.3]
	... 30 common frames omitted
Caused by: org.eclipse.aether.transfer.ArtifactTransferException: Failure to transfer org.springframework:spring-orm:pom:4.2.4.RELEASE from https://repo.maven.apache.org/maven2 was cached in the local repository, resolution will not be reattempted until the update interval of central has elapsed or updates are forced. Original error: Could not transfer artifact org.springframework:spring-orm:pom:4.2.4.RELEASE from/to central (https://repo.maven.apache.org/maven2): The operation was cancelled.
	at org.eclipse.aether.internal.impl.DefaultUpdateCheckManager.newException(DefaultUpdateCheckManager.java:238) ~[aether-impl-1.0.2.v20150114.jar:na]
	at org.eclipse.aether.internal.impl.DefaultUpdateCheckManager.checkArtifact(DefaultUpdateCheckManager.java:206) ~[aether-impl-1.0.2.v20150114.jar:na]
	at org.eclipse.aether.internal.impl.DefaultArtifactResolver.gatherDownloads(DefaultArtifactResolver.java:585) ~[aether-impl-1.0.2.v20150114.jar:na]
	at org.eclipse.aether.internal.impl.DefaultArtifactResolver.performDownloads(DefaultArtifactResolver.java:503) ~[aether-impl-1.0.2.v20150114.jar:na]
	at org.eclipse.aether.internal.impl.DefaultArtifactResolver.resolve(DefaultArtifactResolver.java:421) ~[aether-impl-1.0.2.v20150114.jar:na]
	... 33 common frames omitted
2016-04-06 09:03:04,131 [Worker-9] ERROR o.e.m.editor.pom.DependencyTreePage - Project read error
org.eclipse.core.runtime.CoreException: Project read error
	at org.eclipse.m2e.core.embedder.MavenModelManager.readDependencyTree(MavenModelManager.java:234) ~[na:na]
	at org.eclipse.m2e.core.embedder.MavenModelManager$1.call(MavenModelManager.java:187) ~[na:na]
	at org.eclipse.m2e.core.embedder.MavenModelManager$1.call(MavenModelManager.java:1) ~[na:na]
	at org.eclipse.m2e.core.internal.embedder.MavenExecutionContext.executeBare(MavenExecutionContext.java:176) ~[na:na]
	at org.eclipse.m2e.core.internal.embedder.MavenExecutionContext.execute(MavenExecutionContext.java:112) ~[na:na]
	at org.eclipse.m2e.core.internal.project.registry.MavenProjectManager$1.call(MavenProjectManager.java:124) ~[na:na]
	at org.eclipse.m2e.core.internal.embedder.MavenExecutionContext.executeBare(MavenExecutionContext.java:176) ~[na:na]
	at org.eclipse.m2e.core.internal.embedder.MavenExecutionContext.execute(MavenExecutionContext.java:151) ~[na:na]
	at org.eclipse.m2e.core.internal.embedder.MavenExecutionContext.execute(MavenExecutionContext.java:99) ~[na:na]
	at org.eclipse.m2e.core.internal.project.registry.MavenProjectManager.execute(MavenProjectManager.java:122) ~[na:na]
	at org.eclipse.m2e.core.embedder.MavenModelManager.readDependencyTree(MavenModelManager.java:191) ~[na:na]
	at org.eclipse.m2e.editor.pom.MavenPomEditor.readDependencyTree(MavenPomEditor.java:684) ~[na:na]
	at org.eclipse.m2e.editor.pom.DependencyTreePage$1.run(DependencyTreePage.java:222) ~[na:na]
	at org.eclipse.core.internal.jobs.Worker.run(Worker.java:55) [org.eclipse.core.jobs_3.7.0.v20150330-2103.jar:na]
Caused by: org.eclipse.aether.collection.DependencyCollectionException: Failed to collect dependencies at org.springframework.boot:spring-boot-starter-data-jpa:jar:1.3.1.RELEASE -> org.springframework.data:spring-data-jpa:jar:1.9.2.RELEASE -> org.springframework:spring-orm:jar:4.2.4.RELEASE
	at org.eclipse.aether.internal.impl.DefaultDependencyCollector.collectDependencies(DefaultDependencyCollector.java:291) ~[na:na]
	at org.eclipse.aether.internal.impl.DefaultRepositorySystem.collectDependencies(DefaultRepositorySystem.java:316) ~[na:na]
	at org.eclipse.m2e.core.embedder.MavenModelManager.readDependencyTree(MavenModelManager.java:230) ~[na:na]
	... 13 common frames omitted
Caused by: org.eclipse.aether.resolution.ArtifactDescriptorException: Failed to read artifact descriptor for org.springframework:spring-orm:jar:4.2.4.RELEASE
	at org.apache.maven.repository.internal.DefaultArtifactDescriptorReader.loadPom(DefaultArtifactDescriptorReader.java:302) ~[na:na]
	at org.apache.maven.repository.internal.DefaultArtifactDescriptorReader.readArtifactDescriptor(DefaultArtifactDescriptorReader.java:218) ~[na:na]
	at org.eclipse.aether.internal.impl.DefaultDependencyCollector.resolveCachedArtifactDescriptor(DefaultDependencyCollector.java:535) ~[na:na]
	at org.eclipse.aether.internal.impl.DefaultDependencyCollector.getArtifactDescriptorResult(DefaultDependencyCollector.java:519) ~[na:na]
	at org.eclipse.aether.internal.impl.DefaultDependencyCollector.processDependency(DefaultDependencyCollector.java:409) ~[na:na]
	at org.eclipse.aether.internal.impl.DefaultDependencyCollector.processDependency(DefaultDependencyCollector.java:363) ~[na:na]
	at org.eclipse.aether.internal.impl.DefaultDependencyCollector.process(DefaultDependencyCollector.java:351) ~[na:na]
	at org.eclipse.aether.internal.impl.DefaultDependencyCollector.doRecurse(DefaultDependencyCollector.java:504) ~[na:na]
	at org.eclipse.aether.internal.impl.DefaultDependencyCollector.processDependency(DefaultDependencyCollector.java:458) ~[na:na]
	at org.eclipse.aether.internal.impl.DefaultDependencyCollector.processDependency(DefaultDependencyCollector.java:363) ~[na:na]
	at org.eclipse.aether.internal.impl.DefaultDependencyCollector.process(DefaultDependencyCollector.java:351) ~[na:na]
	at org.eclipse.aether.internal.impl.DefaultDependencyCollector.doRecurse(DefaultDependencyCollector.java:504) ~[na:na]
	at org.eclipse.aether.internal.impl.DefaultDependencyCollector.processDependency(DefaultDependencyCollector.java:458) ~[na:na]
	at org.eclipse.aether.internal.impl.DefaultDependencyCollector.processDependency(DefaultDependencyCollector.java:363) ~[na:na]
	at org.eclipse.aether.internal.impl.DefaultDependencyCollector.process(DefaultDependencyCollector.java:351) ~[na:na]
	at org.eclipse.aether.internal.impl.DefaultDependencyCollector.collectDependencies(DefaultDependencyCollector.java:254) ~[na:na]
	... 15 common frames omitted
Caused by: org.eclipse.aether.resolution.ArtifactResolutionException: Failure to transfer org.springframework:spring-orm:pom:4.2.4.RELEASE from https://repo.maven.apache.org/maven2 was cached in the local repository, resolution will not be reattempted until the update interval of central has elapsed or updates are forced. Original error: Could not transfer artifact org.springframework:spring-orm:pom:4.2.4.RELEASE from/to central (https://repo.maven.apache.org/maven2): The operation was cancelled.
	at org.eclipse.aether.internal.impl.DefaultArtifactResolver.resolve(DefaultArtifactResolver.java:444) ~[na:na]
	at org.eclipse.aether.internal.impl.DefaultArtifactResolver.resolveArtifacts(DefaultArtifactResolver.java:246) ~[na:na]
	at org.eclipse.aether.internal.impl.DefaultArtifactResolver.resolveArtifact(DefaultArtifactResolver.java:223) ~[na:na]
	at org.apache.maven.repository.internal.DefaultArtifactDescriptorReader.loadPom(DefaultArtifactDescriptorReader.java:287) ~[na:na]
	... 30 common frames omitted
Caused by: org.eclipse.aether.transfer.ArtifactTransferException: Failure to transfer org.springframework:spring-orm:pom:4.2.4.RELEASE from https://repo.maven.apache.org/maven2 was cached in the local repository, resolution will not be reattempted until the update interval of central has elapsed or updates are forced. Original error: Could not transfer artifact org.springframework:spring-orm:pom:4.2.4.RELEASE from/to central (https://repo.maven.apache.org/maven2): The operation was cancelled.
	at org.eclipse.aether.internal.impl.DefaultUpdateCheckManager.newException(DefaultUpdateCheckManager.java:238) ~[na:na]
	at org.eclipse.aether.internal.impl.DefaultUpdateCheckManager.checkArtifact(DefaultUpdateCheckManager.java:206) ~[na:na]
	at org.eclipse.aether.internal.impl.DefaultArtifactResolver.gatherDownloads(DefaultArtifactResolver.java:585) ~[na:na]
	at org.eclipse.aether.internal.impl.DefaultArtifactResolver.performDownloads(DefaultArtifactResolver.java:503) ~[na:na]
	at org.eclipse.aether.internal.impl.DefaultArtifactResolver.resolve(DefaultArtifactResolver.java:421) ~[na:na]
	... 33 common frames omitted
2016-04-06 09:03:42,293 [Worker-3] INFO  o.e.m.c.i.l.LifecycleMappingFactory - Using org.eclipse.m2e.jdt.JarLifecycleMapping lifecycle mapping for MavenProject: com.boot:das-boot:0.0.1-SNAPSHOT @ C:\Users\vchou5\Desktop\EMSNew\das-boot\pom.xml.
2016-04-06 09:03:43,684 [Worker-3] INFO  o.e.m.c.i.embedder.EclipseLogger - Using 'UTF-8' encoding to copy filtered resources.
2016-04-06 09:03:43,684 [Worker-3] INFO  o.e.m.c.i.embedder.EclipseLogger - Copying 0 resource
2016-04-06 09:03:43,684 [Worker-3] INFO  o.e.m.c.i.embedder.EclipseLogger - Copying 0 resource
2016-04-06 09:03:43,684 [Worker-3] INFO  o.e.m.c.i.embedder.EclipseLogger - Using 'UTF-8' encoding to copy filtered resources.
2016-04-06 09:03:43,684 [Worker-3] INFO  o.e.m.c.i.embedder.EclipseLogger - skip non existing resourceDirectory C:\Users\vchou5\Desktop\EMSNew\das-boot\src\test\resources
2016-04-06 09:04:06,902 [Worker-1] INFO  o.e.m.c.i.p.ProjectConfigurationManager - Update started
2016-04-06 09:04:07,913 [Worker-1] INFO  o.e.m.c.i.l.LifecycleMappingFactory - Using org.eclipse.m2e.jdt.JarLifecycleMapping lifecycle mapping for MavenProject: com.boot:das-boot:0.0.1-SNAPSHOT @ C:\Users\vchou5\Desktop\EMSNew\das-boot\pom.xml.
2016-04-06 09:04:08,743 [Worker-1] INFO  o.e.m.j.i.AbstractJavaProjectConfigurator - Adding source folder /das-boot/src/main/java
2016-04-06 09:04:08,743 [Worker-1] INFO  o.e.m.j.i.AbstractJavaProjectConfigurator - Adding resource folder /das-boot/src/main/resources
2016-04-06 09:04:08,743 [Worker-1] INFO  o.e.m.j.i.AbstractJavaProjectConfigurator - Adding resource folder /das-boot/src/main/resources
2016-04-06 09:04:08,743 [Worker-1] INFO  o.e.m.j.i.AbstractJavaProjectConfigurator - Adding source folder /das-boot/src/test/java
2016-04-06 09:04:09,189 [Worker-1] INFO  o.e.m.c.i.p.ProjectConfigurationManager - Update completed: 2 sec
2016-04-06 09:04:09,949 [Worker-10] INFO  o.e.m.c.i.embedder.EclipseLogger - Using 'UTF-8' encoding to copy filtered resources.
2016-04-06 09:04:09,949 [Worker-10] INFO  o.e.m.c.i.embedder.EclipseLogger - Copying 1 resource
2016-04-06 09:04:09,959 [Worker-10] INFO  o.e.m.c.i.embedder.EclipseLogger - Copying 60 resources
2016-04-06 09:04:10,129 [Worker-10] INFO  o.e.m.c.i.embedder.EclipseLogger - Using 'UTF-8' encoding to copy filtered resources.
2016-04-06 09:04:10,129 [Worker-10] INFO  o.e.m.c.i.embedder.EclipseLogger - skip non existing resourceDirectory C:\Users\vchou5\Desktop\EMSNew\das-boot\src\test\resources
2016-04-06 09:04:24,801 [Worker-4] ERROR o.e.m.c.embedder.MavenModelManager - Project read error
org.eclipse.aether.collection.DependencyCollectionException: Failed to collect dependencies at org.springframework.boot:spring-boot-starter-data-jpa:jar:1.3.1.RELEASE -> org.springframework.data:spring-data-jpa:jar:1.9.2.RELEASE -> org.springframework:spring-orm:jar:4.2.4.RELEASE
	at org.eclipse.aether.internal.impl.DefaultDependencyCollector.collectDependencies(DefaultDependencyCollector.java:291) ~[aether-impl-1.0.2.v20150114.jar:na]
	at org.eclipse.aether.internal.impl.DefaultRepositorySystem.collectDependencies(DefaultRepositorySystem.java:316) ~[aether-impl-1.0.2.v20150114.jar:na]
	at org.eclipse.m2e.core.embedder.MavenModelManager.readDependencyTree(MavenModelManager.java:230) [org.eclipse.m2e.core_1.6.2.20150902-0002.jar:na]
	at org.eclipse.m2e.core.embedder.MavenModelManager$1.call(MavenModelManager.java:187) [org.eclipse.m2e.core_1.6.2.20150902-0002.jar:na]
	at org.eclipse.m2e.core.embedder.MavenModelManager$1.call(MavenModelManager.java:1) [org.eclipse.m2e.core_1.6.2.20150902-0002.jar:na]
	at org.eclipse.m2e.core.internal.embedder.MavenExecutionContext.executeBare(MavenExecutionContext.java:176) [org.eclipse.m2e.core_1.6.2.20150902-0002.jar:na]
	at org.eclipse.m2e.core.internal.embedder.MavenExecutionContext.execute(MavenExecutionContext.java:112) [org.eclipse.m2e.core_1.6.2.20150902-0002.jar:na]
	at org.eclipse.m2e.core.internal.project.registry.MavenProjectManager$1.call(MavenProjectManager.java:124) [org.eclipse.m2e.core_1.6.2.20150902-0002.jar:na]
	at org.eclipse.m2e.core.internal.embedder.MavenExecutionContext.executeBare(MavenExecutionContext.java:176) [org.eclipse.m2e.core_1.6.2.20150902-0002.jar:na]
	at org.eclipse.m2e.core.internal.embedder.MavenExecutionContext.execute(MavenExecutionContext.java:151) [org.eclipse.m2e.core_1.6.2.20150902-0002.jar:na]
	at org.eclipse.m2e.core.internal.embedder.MavenExecutionContext.execute(MavenExecutionContext.java:99) [org.eclipse.m2e.core_1.6.2.20150902-0002.jar:na]
	at org.eclipse.m2e.core.internal.project.registry.MavenProjectManager.execute(MavenProjectManager.java:122) [org.eclipse.m2e.core_1.6.2.20150902-0002.jar:na]
	at org.eclipse.m2e.core.embedder.MavenModelManager.readDependencyTree(MavenModelManager.java:191) [org.eclipse.m2e.core_1.6.2.20150902-0002.jar:na]
	at org.eclipse.m2e.editor.pom.MavenPomEditor.readDependencyTree(MavenPomEditor.java:684) [org.eclipse.m2e.editor_1.6.2.20150902-0002.jar:na]
	at org.eclipse.m2e.editor.pom.DependencyTreePage$1.run(DependencyTreePage.java:222) [org.eclipse.m2e.editor_1.6.2.20150902-0002.jar:na]
	at org.eclipse.core.internal.jobs.Worker.run(Worker.java:55) [org.eclipse.core.jobs_3.7.0.v20150330-2103.jar:na]
Caused by: org.eclipse.aether.resolution.ArtifactDescriptorException: Failed to read artifact descriptor for org.springframework:spring-orm:jar:4.2.4.RELEASE
	at org.apache.maven.repository.internal.DefaultArtifactDescriptorReader.loadPom(DefaultArtifactDescriptorReader.java:302) ~[maven-aether-provider-3.3.3.jar:3.3.3]
	at org.apache.maven.repository.internal.DefaultArtifactDescriptorReader.readArtifactDescriptor(DefaultArtifactDescriptorReader.java:218) ~[maven-aether-provider-3.3.3.jar:3.3.3]
	at org.eclipse.aether.internal.impl.DefaultDependencyCollector.resolveCachedArtifactDescriptor(DefaultDependencyCollector.java:535) ~[aether-impl-1.0.2.v20150114.jar:na]
	at org.eclipse.aether.internal.impl.DefaultDependencyCollector.getArtifactDescriptorResult(DefaultDependencyCollector.java:519) ~[aether-impl-1.0.2.v20150114.jar:na]
	at org.eclipse.aether.internal.impl.DefaultDependencyCollector.processDependency(DefaultDependencyCollector.java:409) ~[aether-impl-1.0.2.v20150114.jar:na]
	at org.eclipse.aether.internal.impl.DefaultDependencyCollector.processDependency(DefaultDependencyCollector.java:363) ~[aether-impl-1.0.2.v20150114.jar:na]
	at org.eclipse.aether.internal.impl.DefaultDependencyCollector.process(DefaultDependencyCollector.java:351) ~[aether-impl-1.0.2.v20150114.jar:na]
	at org.eclipse.aether.internal.impl.DefaultDependencyCollector.doRecurse(DefaultDependencyCollector.java:504) ~[aether-impl-1.0.2.v20150114.jar:na]
	at org.eclipse.aether.internal.impl.DefaultDependencyCollector.processDependency(DefaultDependencyCollector.java:458) ~[aether-impl-1.0.2.v20150114.jar:na]
	at org.eclipse.aether.internal.impl.DefaultDependencyCollector.processDependency(DefaultDependencyCollector.java:363) ~[aether-impl-1.0.2.v20150114.jar:na]
	at org.eclipse.aether.internal.impl.DefaultDependencyCollector.process(DefaultDependencyCollector.java:351) ~[aether-impl-1.0.2.v20150114.jar:na]
	at org.eclipse.aether.internal.impl.DefaultDependencyCollector.doRecurse(DefaultDependencyCollector.java:504) ~[aether-impl-1.0.2.v20150114.jar:na]
	at org.eclipse.aether.internal.impl.DefaultDependencyCollector.processDependency(DefaultDependencyCollector.java:458) ~[aether-impl-1.0.2.v20150114.jar:na]
	at org.eclipse.aether.internal.impl.DefaultDependencyCollector.processDependency(DefaultDependencyCollector.java:363) ~[aether-impl-1.0.2.v20150114.jar:na]
	at org.eclipse.aether.internal.impl.DefaultDependencyCollector.process(DefaultDependencyCollector.java:351) ~[aether-impl-1.0.2.v20150114.jar:na]
	at org.eclipse.aether.internal.impl.DefaultDependencyCollector.collectDependencies(DefaultDependencyCollector.java:254) ~[aether-impl-1.0.2.v20150114.jar:na]
	... 15 common frames omitted
Caused by: org.eclipse.aether.resolution.ArtifactResolutionException: Failure to transfer org.springframework:spring-orm:pom:4.2.4.RELEASE from https://repo.maven.apache.org/maven2 was cached in the local repository, resolution will not be reattempted until the update interval of central has elapsed or updates are forced. Original error: Could not transfer artifact org.springframework:spring-orm:pom:4.2.4.RELEASE from/to central (https://repo.maven.apache.org/maven2): The operation was cancelled.
	at org.eclipse.aether.internal.impl.DefaultArtifactResolver.resolve(DefaultArtifactResolver.java:444) ~[aether-impl-1.0.2.v20150114.jar:na]
	at org.eclipse.aether.internal.impl.DefaultArtifactResolver.resolveArtifacts(DefaultArtifactResolver.java:246) ~[aether-impl-1.0.2.v20150114.jar:na]
	at org.eclipse.aether.internal.impl.DefaultArtifactResolver.resolveArtifact(DefaultArtifactResolver.java:223) ~[aether-impl-1.0.2.v20150114.jar:na]
	at org.apache.maven.repository.internal.DefaultArtifactDescriptorReader.loadPom(DefaultArtifactDescriptorReader.java:287) ~[maven-aether-provider-3.3.3.jar:3.3.3]
	... 30 common frames omitted
Caused by: org.eclipse.aether.transfer.ArtifactTransferException: Failure to transfer org.springframework:spring-orm:pom:4.2.4.RELEASE from https://repo.maven.apache.org/maven2 was cached in the local repository, resolution will not be reattempted until the update interval of central has elapsed or updates are forced. Original error: Could not transfer artifact org.springframework:spring-orm:pom:4.2.4.RELEASE from/to central (https://repo.maven.apache.org/maven2): The operation was cancelled.
	at org.eclipse.aether.internal.impl.DefaultUpdateCheckManager.newException(DefaultUpdateCheckManager.java:238) ~[aether-impl-1.0.2.v20150114.jar:na]
	at org.eclipse.aether.internal.impl.DefaultUpdateCheckManager.checkArtifact(DefaultUpdateCheckManager.java:206) ~[aether-impl-1.0.2.v20150114.jar:na]
	at org.eclipse.aether.internal.impl.DefaultArtifactResolver.gatherDownloads(DefaultArtifactResolver.java:585) ~[aether-impl-1.0.2.v20150114.jar:na]
	at org.eclipse.aether.internal.impl.DefaultArtifactResolver.performDownloads(DefaultArtifactResolver.java:503) ~[aether-impl-1.0.2.v20150114.jar:na]
	at org.eclipse.aether.internal.impl.DefaultArtifactResolver.resolve(DefaultArtifactResolver.java:421) ~[aether-impl-1.0.2.v20150114.jar:na]
	... 33 common frames omitted
2016-04-06 09:04:24,801 [Worker-4] ERROR o.e.m.editor.pom.DependencyTreePage - Project read error
org.eclipse.core.runtime.CoreException: Project read error
	at org.eclipse.m2e.core.embedder.MavenModelManager.readDependencyTree(MavenModelManager.java:234) ~[na:na]
	at org.eclipse.m2e.core.embedder.MavenModelManager$1.call(MavenModelManager.java:187) ~[na:na]
	at org.eclipse.m2e.core.embedder.MavenModelManager$1.call(MavenModelManager.java:1) ~[na:na]
	at org.eclipse.m2e.core.internal.embedder.MavenExecutionContext.executeBare(MavenExecutionContext.java:176) ~[na:na]
	at org.eclipse.m2e.core.internal.embedder.MavenExecutionContext.execute(MavenExecutionContext.java:112) ~[na:na]
	at org.eclipse.m2e.core.internal.project.registry.MavenProjectManager$1.call(MavenProjectManager.java:124) ~[na:na]
	at org.eclipse.m2e.core.internal.embedder.MavenExecutionContext.executeBare(MavenExecutionContext.java:176) ~[na:na]
	at org.eclipse.m2e.core.internal.embedder.MavenExecutionContext.execute(MavenExecutionContext.java:151) ~[na:na]
	at org.eclipse.m2e.core.internal.embedder.MavenExecutionContext.execute(MavenExecutionContext.java:99) ~[na:na]
	at org.eclipse.m2e.core.internal.project.registry.MavenProjectManager.execute(MavenProjectManager.java:122) ~[na:na]
	at org.eclipse.m2e.core.embedder.MavenModelManager.readDependencyTree(MavenModelManager.java:191) ~[na:na]
	at org.eclipse.m2e.editor.pom.MavenPomEditor.readDependencyTree(MavenPomEditor.java:684) ~[na:na]
	at org.eclipse.m2e.editor.pom.DependencyTreePage$1.run(DependencyTreePage.java:222) ~[na:na]
	at org.eclipse.core.internal.jobs.Worker.run(Worker.java:55) [org.eclipse.core.jobs_3.7.0.v20150330-2103.jar:na]
Caused by: org.eclipse.aether.collection.DependencyCollectionException: Failed to collect dependencies at org.springframework.boot:spring-boot-starter-data-jpa:jar:1.3.1.RELEASE -> org.springframework.data:spring-data-jpa:jar:1.9.2.RELEASE -> org.springframework:spring-orm:jar:4.2.4.RELEASE
	at org.eclipse.aether.internal.impl.DefaultDependencyCollector.collectDependencies(DefaultDependencyCollector.java:291) ~[na:na]
	at org.eclipse.aether.internal.impl.DefaultRepositorySystem.collectDependencies(DefaultRepositorySystem.java:316) ~[na:na]
	at org.eclipse.m2e.core.embedder.MavenModelManager.readDependencyTree(MavenModelManager.java:230) ~[na:na]
	... 13 common frames omitted
Caused by: org.eclipse.aether.resolution.ArtifactDescriptorException: Failed to read artifact descriptor for org.springframework:spring-orm:jar:4.2.4.RELEASE
	at org.apache.maven.repository.internal.DefaultArtifactDescriptorReader.loadPom(DefaultArtifactDescriptorReader.java:302) ~[na:na]
	at org.apache.maven.repository.internal.DefaultArtifactDescriptorReader.readArtifactDescriptor(DefaultArtifactDescriptorReader.java:218) ~[na:na]
	at org.eclipse.aether.internal.impl.DefaultDependencyCollector.resolveCachedArtifactDescriptor(DefaultDependencyCollector.java:535) ~[na:na]
	at org.eclipse.aether.internal.impl.DefaultDependencyCollector.getArtifactDescriptorResult(DefaultDependencyCollector.java:519) ~[na:na]
	at org.eclipse.aether.internal.impl.DefaultDependencyCollector.processDependency(DefaultDependencyCollector.java:409) ~[na:na]
	at org.eclipse.aether.internal.impl.DefaultDependencyCollector.processDependency(DefaultDependencyCollector.java:363) ~[na:na]
	at org.eclipse.aether.internal.impl.DefaultDependencyCollector.process(DefaultDependencyCollector.java:351) ~[na:na]
	at org.eclipse.aether.internal.impl.DefaultDependencyCollector.doRecurse(DefaultDependencyCollector.java:504) ~[na:na]
	at org.eclipse.aether.internal.impl.DefaultDependencyCollector.processDependency(DefaultDependencyCollector.java:458) ~[na:na]
	at org.eclipse.aether.internal.impl.DefaultDependencyCollector.processDependency(DefaultDependencyCollector.java:363) ~[na:na]
	at org.eclipse.aether.internal.impl.DefaultDependencyCollector.process(DefaultDependencyCollector.java:351) ~[na:na]
	at org.eclipse.aether.internal.impl.DefaultDependencyCollector.doRecurse(DefaultDependencyCollector.java:504) ~[na:na]
	at org.eclipse.aether.internal.impl.DefaultDependencyCollector.processDependency(DefaultDependencyCollector.java:458) ~[na:na]
	at org.eclipse.aether.internal.impl.DefaultDependencyCollector.processDependency(DefaultDependencyCollector.java:363) ~[na:na]
	at org.eclipse.aether.internal.impl.DefaultDependencyCollector.process(DefaultDependencyCollector.java:351) ~[na:na]
	at org.eclipse.aether.internal.impl.DefaultDependencyCollector.collectDependencies(DefaultDependencyCollector.java:254) ~[na:na]
	... 15 common frames omitted
Caused by: org.eclipse.aether.resolution.ArtifactResolutionException: Failure to transfer org.springframework:spring-orm:pom:4.2.4.RELEASE from https://repo.maven.apache.org/maven2 was cached in the local repository, resolution will not be reattempted until the update interval of central has elapsed or updates are forced. Original error: Could not transfer artifact org.springframework:spring-orm:pom:4.2.4.RELEASE from/to central (https://repo.maven.apache.org/maven2): The operation was cancelled.
	at org.eclipse.aether.internal.impl.DefaultArtifactResolver.resolve(DefaultArtifactResolver.java:444) ~[na:na]
	at org.eclipse.aether.internal.impl.DefaultArtifactResolver.resolveArtifacts(DefaultArtifactResolver.java:246) ~[na:na]
	at org.eclipse.aether.internal.impl.DefaultArtifactResolver.resolveArtifact(DefaultArtifactResolver.java:223) ~[na:na]
	at org.apache.maven.repository.internal.DefaultArtifactDescriptorReader.loadPom(DefaultArtifactDescriptorReader.java:287) ~[na:na]
	... 30 common frames omitted
Caused by: org.eclipse.aether.transfer.ArtifactTransferException: Failure to transfer org.springframework:spring-orm:pom:4.2.4.RELEASE from https://repo.maven.apache.org/maven2 was cached in the local repository, resolution will not be reattempted until the update interval of central has elapsed or updates are forced. Original error: Could not transfer artifact org.springframework:spring-orm:pom:4.2.4.RELEASE from/to central (https://repo.maven.apache.org/maven2): The operation was cancelled.
	at org.eclipse.aether.internal.impl.DefaultUpdateCheckManager.newException(DefaultUpdateCheckManager.java:238) ~[na:na]
	at org.eclipse.aether.internal.impl.DefaultUpdateCheckManager.checkArtifact(DefaultUpdateCheckManager.java:206) ~[na:na]
	at org.eclipse.aether.internal.impl.DefaultArtifactResolver.gatherDownloads(DefaultArtifactResolver.java:585) ~[na:na]
	at org.eclipse.aether.internal.impl.DefaultArtifactResolver.performDownloads(DefaultArtifactResolver.java:503) ~[na:na]
	at org.eclipse.aether.internal.impl.DefaultArtifactResolver.resolve(DefaultArtifactResolver.java:421) ~[na:na]
	... 33 common frames omitted
2016-04-06 09:08:05,554 [Worker-11] INFO  o.e.m.i.launch.MavenLaunchDelegate - C:\Users\vchou5\Desktop\EMSNew\das-boot
2016-04-06 09:08:05,554 [Worker-11] INFO  o.e.m.i.launch.MavenLaunchDelegate -  mvn  -B clean
2016-04-06 09:08:07,182 [Worker-7] INFO  o.e.m.c.i.embedder.EclipseLogger - Using 'UTF-8' encoding to copy filtered resources.
2016-04-06 09:08:07,182 [Worker-7] INFO  o.e.m.c.i.embedder.EclipseLogger - Copying 1 resource
2016-04-06 09:08:07,192 [Worker-7] INFO  o.e.m.c.i.embedder.EclipseLogger - Copying 60 resources
2016-04-06 09:08:07,352 [Worker-7] INFO  o.e.m.c.i.embedder.EclipseLogger - Using 'UTF-8' encoding to copy filtered resources.
2016-04-06 09:08:07,352 [Worker-7] INFO  o.e.m.c.i.embedder.EclipseLogger - skip non existing resourceDirectory C:\Users\vchou5\Desktop\EMSNew\das-boot\src\test\resources
2016-04-06 09:08:33,989 [Worker-13] INFO  o.e.m.c.i.p.ProjectConfigurationManager - Update started
2016-04-06 09:08:35,029 [Worker-13] INFO  o.e.m.c.i.l.LifecycleMappingFactory - Using org.eclipse.m2e.jdt.JarLifecycleMapping lifecycle mapping for MavenProject: com.boot:das-boot:0.0.1-SNAPSHOT @ C:\Users\vchou5\Desktop\EMSNew\das-boot\pom.xml.
2016-04-06 09:08:36,086 [Worker-13] INFO  o.e.m.j.i.AbstractJavaProjectConfigurator - Adding source folder /das-boot/src/main/java
2016-04-06 09:08:36,086 [Worker-13] INFO  o.e.m.j.i.AbstractJavaProjectConfigurator - Adding resource folder /das-boot/src/main/resources
2016-04-06 09:08:36,086 [Worker-13] INFO  o.e.m.j.i.AbstractJavaProjectConfigurator - Adding resource folder /das-boot/src/main/resources
2016-04-06 09:08:36,086 [Worker-13] INFO  o.e.m.j.i.AbstractJavaProjectConfigurator - Adding source folder /das-boot/src/test/java
2016-04-06 09:08:36,376 [Worker-13] INFO  o.e.m.c.i.p.ProjectConfigurationManager - Update completed: 2 sec
2016-04-06 09:08:37,166 [Worker-2] INFO  o.e.m.c.i.embedder.EclipseLogger - Using 'UTF-8' encoding to copy filtered resources.
2016-04-06 09:08:37,166 [Worker-2] INFO  o.e.m.c.i.embedder.EclipseLogger - Copying 1 resource
2016-04-06 09:08:37,176 [Worker-2] INFO  o.e.m.c.i.embedder.EclipseLogger - Copying 60 resources
2016-04-06 09:08:37,326 [Worker-2] INFO  o.e.m.c.i.embedder.EclipseLogger - Using 'UTF-8' encoding to copy filtered resources.
2016-04-06 09:08:37,326 [Worker-2] INFO  o.e.m.c.i.embedder.EclipseLogger - skip non existing resourceDirectory C:\Users\vchou5\Desktop\EMSNew\das-boot\src\test\resources
2016-04-06 09:11:20,417 [Worker-14] INFO  o.e.m.i.launch.MavenLaunchDelegate - C:\Users\vchou5\Desktop\EMSNew\das-boot
2016-04-06 09:11:20,417 [Worker-14] INFO  o.e.m.i.launch.MavenLaunchDelegate -  mvn  -B clean
2016-04-06 09:11:21,997 [Worker-2] INFO  o.e.m.c.i.embedder.EclipseLogger - Using 'UTF-8' encoding to copy filtered resources.
2016-04-06 09:11:22,007 [Worker-2] INFO  o.e.m.c.i.embedder.EclipseLogger - Copying 1 resource
2016-04-06 09:11:22,007 [Worker-2] INFO  o.e.m.c.i.embedder.EclipseLogger - Copying 60 resources
2016-04-06 09:11:22,201 [Worker-2] INFO  o.e.m.c.i.embedder.EclipseLogger - Using 'UTF-8' encoding to copy filtered resources.
2016-04-06 09:11:22,201 [Worker-2] INFO  o.e.m.c.i.embedder.EclipseLogger - skip non existing resourceDirectory C:\Users\vchou5\Desktop\EMSNew\das-boot\src\test\resources
2016-04-06 09:11:31,492 [Worker-14] INFO  o.e.m.c.i.p.ProjectConfigurationManager - Update started
2016-04-06 09:11:32,510 [Worker-14] INFO  o.e.m.c.i.l.LifecycleMappingFactory - Using org.eclipse.m2e.jdt.JarLifecycleMapping lifecycle mapping for MavenProject: com.boot:das-boot:0.0.1-SNAPSHOT @ C:\Users\vchou5\Desktop\EMSNew\das-boot\pom.xml.
2016-04-06 09:11:33,373 [Worker-14] INFO  o.e.m.j.i.AbstractJavaProjectConfigurator - Adding source folder /das-boot/src/main/java
2016-04-06 09:11:33,373 [Worker-14] INFO  o.e.m.j.i.AbstractJavaProjectConfigurator - Adding resource folder /das-boot/src/main/resources
2016-04-06 09:11:33,374 [Worker-14] INFO  o.e.m.j.i.AbstractJavaProjectConfigurator - Adding resource folder /das-boot/src/main/resources
2016-04-06 09:11:33,375 [Worker-14] INFO  o.e.m.j.i.AbstractJavaProjectConfigurator - Adding source folder /das-boot/src/test/java
2016-04-06 09:11:33,688 [Worker-14] INFO  o.e.m.c.i.p.ProjectConfigurationManager - Update completed: 2 sec
2016-04-06 09:11:34,410 [Worker-14] INFO  o.e.m.c.i.embedder.EclipseLogger - Using 'UTF-8' encoding to copy filtered resources.
2016-04-06 09:11:34,411 [Worker-14] INFO  o.e.m.c.i.embedder.EclipseLogger - Copying 1 resource
2016-04-06 09:11:34,418 [Worker-14] INFO  o.e.m.c.i.embedder.EclipseLogger - Copying 60 resources
2016-04-06 09:11:34,583 [Worker-14] INFO  o.e.m.c.i.embedder.EclipseLogger - Using 'UTF-8' encoding to copy filtered resources.
2016-04-06 09:11:34,583 [Worker-14] INFO  o.e.m.c.i.embedder.EclipseLogger - skip non existing resourceDirectory C:\Users\vchou5\Desktop\EMSNew\das-boot\src\test\resources
2016-04-06 09:12:40,543 [Worker-13] INFO  o.e.m.i.launch.MavenLaunchDelegate - C:\Users\vchou5\Desktop\EMSNew\das-boot
2016-04-06 09:12:40,543 [Worker-13] INFO  o.e.m.i.launch.MavenLaunchDelegate -  mvn  -B clean
2016-04-06 09:12:42,158 [Worker-16] INFO  o.e.m.c.i.embedder.EclipseLogger - Using 'UTF-8' encoding to copy filtered resources.
2016-04-06 09:12:42,168 [Worker-16] INFO  o.e.m.c.i.embedder.EclipseLogger - Copying 1 resource
2016-04-06 09:12:42,198 [Worker-16] INFO  o.e.m.c.i.embedder.EclipseLogger - Copying 60 resources
2016-04-06 09:12:42,398 [Worker-16] INFO  o.e.m.c.i.embedder.EclipseLogger - Using 'UTF-8' encoding to copy filtered resources.
2016-04-06 09:12:42,398 [Worker-16] INFO  o.e.m.c.i.embedder.EclipseLogger - skip non existing resourceDirectory C:\Users\vchou5\Desktop\EMSNew\das-boot\src\test\resources
2016-04-06 09:12:52,014 [Worker-12] INFO  o.e.m.c.i.p.ProjectConfigurationManager - Update started
2016-04-06 09:12:52,940 [Worker-12] INFO  o.e.m.c.i.l.LifecycleMappingFactory - Using org.eclipse.m2e.jdt.JarLifecycleMapping lifecycle mapping for MavenProject: com.boot:das-boot:0.0.1-SNAPSHOT @ C:\Users\vchou5\Desktop\EMSNew\das-boot\pom.xml.
2016-04-06 09:12:54,819 [Worker-12] INFO  o.e.m.c.i.e.AbstractTransferListenerAdapter - Downloading https://repo.maven.apache.org/maven2/org/springframework/spring-orm/4.2.4.RELEASE/spring-orm-4.2.4.RELEASE.pom
2016-04-06 09:12:55,109 [Worker-12] INFO  o.e.m.c.i.e.AbstractTransferListenerAdapter - Downloaded https://repo.maven.apache.org/maven2/org/springframework/spring-orm/4.2.4.RELEASE/spring-orm-4.2.4.RELEASE.pom
2016-04-06 09:12:55,409 [Worker-12] INFO  o.e.m.c.i.e.AbstractTransferListenerAdapter - Downloading https://repo.maven.apache.org/maven2/org/springframework/spring-aspects/4.2.4.RELEASE/spring-aspects-4.2.4.RELEASE.pom
2016-04-06 09:12:55,689 [Worker-12] INFO  o.e.m.c.i.e.AbstractTransferListenerAdapter - Downloaded https://repo.maven.apache.org/maven2/org/springframework/spring-aspects/4.2.4.RELEASE/spring-aspects-4.2.4.RELEASE.pom
2016-04-06 09:12:55,979 [Worker-12] INFO  o.e.m.c.i.e.AbstractTransferListenerAdapter - Downloading https://repo.maven.apache.org/maven2/com/h2database/h2/1.4.190/h2-1.4.190.pom
2016-04-06 09:12:56,259 [Worker-12] INFO  o.e.m.c.i.e.AbstractTransferListenerAdapter - Downloaded https://repo.maven.apache.org/maven2/com/h2database/h2/1.4.190/h2-1.4.190.pom
2016-04-06 09:12:56,549 [Worker-12] INFO  o.e.m.c.i.e.AbstractTransferListenerAdapter - Downloading https://repo.maven.apache.org/maven2/org/springframework/boot/spring-boot-starter-test/1.3.1.RELEASE/spring-boot-starter-test-1.3.1.RELEASE.pom
2016-04-06 09:12:56,833 [Worker-12] INFO  o.e.m.c.i.e.AbstractTransferListenerAdapter - Downloaded https://repo.maven.apache.org/maven2/org/springframework/boot/spring-boot-starter-test/1.3.1.RELEASE/spring-boot-starter-test-1.3.1.RELEASE.pom
2016-04-06 09:12:57,228 [Worker-12] INFO  o.e.m.c.i.e.AbstractTransferListenerAdapter - Downloading https://repo.maven.apache.org/maven2/org/springframework/spring-test/4.2.4.RELEASE/spring-test-4.2.4.RELEASE.pom
2016-04-06 09:12:57,512 [Worker-12] INFO  o.e.m.c.i.e.AbstractTransferListenerAdapter - Downloaded https://repo.maven.apache.org/maven2/org/springframework/spring-test/4.2.4.RELEASE/spring-test-4.2.4.RELEASE.pom
2016-04-06 09:12:57,932 [Worker-12] INFO  o.e.m.c.i.e.AbstractTransferListenerAdapter - Downloading https://repo.maven.apache.org/maven2/org/springframework/boot/spring-boot-starter-data-jpa/1.3.1.RELEASE/spring-boot-starter-data-jpa-1.3.1.RELEASE.jar
2016-04-06 09:12:58,212 [Worker-12] INFO  o.e.m.c.i.e.AbstractTransferListenerAdapter - Downloaded https://repo.maven.apache.org/maven2/org/springframework/boot/spring-boot-starter-data-jpa/1.3.1.RELEASE/spring-boot-starter-data-jpa-1.3.1.RELEASE.jar
2016-04-06 09:12:58,492 [Worker-12] INFO  o.e.m.c.i.e.AbstractTransferListenerAdapter - Downloading https://repo.maven.apache.org/maven2/org/springframework/boot/spring-boot-starter-aop/1.3.1.RELEASE/spring-boot-starter-aop-1.3.1.RELEASE.jar
2016-04-06 09:12:58,772 [Worker-12] INFO  o.e.m.c.i.e.AbstractTransferListenerAdapter - Downloaded https://repo.maven.apache.org/maven2/org/springframework/boot/spring-boot-starter-aop/1.3.1.RELEASE/spring-boot-starter-aop-1.3.1.RELEASE.jar
2016-04-06 09:12:59,056 [Worker-12] INFO  o.e.m.c.i.e.AbstractTransferListenerAdapter - Downloading https://repo.maven.apache.org/maven2/org/aspectj/aspectjweaver/1.8.7/aspectjweaver-1.8.7.jar
2016-04-06 09:13:01,349 [Worker-12] INFO  o.e.m.c.i.e.AbstractTransferListenerAdapter - Downloaded https://repo.maven.apache.org/maven2/org/aspectj/aspectjweaver/1.8.7/aspectjweaver-1.8.7.jar
2016-04-06 09:13:01,623 [Worker-12] INFO  o.e.m.c.i.e.AbstractTransferListenerAdapter - Downloading https://repo.maven.apache.org/maven2/org/springframework/boot/spring-boot-starter-jdbc/1.3.1.RELEASE/spring-boot-starter-jdbc-1.3.1.RELEASE.jar
2016-04-06 09:13:01,913 [Worker-12] INFO  o.e.m.c.i.e.AbstractTransferListenerAdapter - Downloaded https://repo.maven.apache.org/maven2/org/springframework/boot/spring-boot-starter-jdbc/1.3.1.RELEASE/spring-boot-starter-jdbc-1.3.1.RELEASE.jar
2016-04-06 09:13:02,194 [Worker-12] INFO  o.e.m.c.i.e.AbstractTransferListenerAdapter - Downloading https://repo.maven.apache.org/maven2/org/apache/tomcat/tomcat-jdbc/8.0.30/tomcat-jdbc-8.0.30.jar
2016-04-06 09:13:02,504 [Worker-12] INFO  o.e.m.c.i.e.AbstractTransferListenerAdapter - Downloaded https://repo.maven.apache.org/maven2/org/apache/tomcat/tomcat-jdbc/8.0.30/tomcat-jdbc-8.0.30.jar
2016-04-06 09:13:02,784 [Worker-12] INFO  o.e.m.c.i.e.AbstractTransferListenerAdapter - Downloading https://repo.maven.apache.org/maven2/org/apache/tomcat/tomcat-juli/8.0.30/tomcat-juli-8.0.30.jar
2016-04-06 09:13:03,074 [Worker-12] INFO  o.e.m.c.i.e.AbstractTransferListenerAdapter - Downloaded https://repo.maven.apache.org/maven2/org/apache/tomcat/tomcat-juli/8.0.30/tomcat-juli-8.0.30.jar
2016-04-06 09:13:03,354 [Worker-12] INFO  o.e.m.c.i.e.AbstractTransferListenerAdapter - Downloading https://repo.maven.apache.org/maven2/org/springframework/spring-jdbc/4.2.4.RELEASE/spring-jdbc-4.2.4.RELEASE.jar
2016-04-06 09:13:03,705 [Worker-12] INFO  o.e.m.c.i.e.AbstractTransferListenerAdapter - Downloaded https://repo.maven.apache.org/maven2/org/springframework/spring-jdbc/4.2.4.RELEASE/spring-jdbc-4.2.4.RELEASE.jar
2016-04-06 09:13:03,985 [Worker-12] INFO  o.e.m.c.i.e.AbstractTransferListenerAdapter - Downloading https://repo.maven.apache.org/maven2/org/springframework/data/spring-data-jpa/1.9.2.RELEASE/spring-data-jpa-1.9.2.RELEASE.jar
2016-04-06 09:13:04,335 [Worker-12] INFO  o.e.m.c.i.e.AbstractTransferListenerAdapter - Downloaded https://repo.maven.apache.org/maven2/org/springframework/data/spring-data-jpa/1.9.2.RELEASE/spring-data-jpa-1.9.2.RELEASE.jar
2016-04-06 09:13:04,615 [Worker-12] INFO  o.e.m.c.i.e.AbstractTransferListenerAdapter - Downloading https://repo.maven.apache.org/maven2/org/springframework/data/spring-data-commons/1.11.2.RELEASE/spring-data-commons-1.11.2.RELEASE.jar
2016-04-06 09:13:04,997 [Worker-12] INFO  o.e.m.c.i.e.AbstractTransferListenerAdapter - Downloaded https://repo.maven.apache.org/maven2/org/springframework/data/spring-data-commons/1.11.2.RELEASE/spring-data-commons-1.11.2.RELEASE.jar
2016-04-06 09:13:05,277 [Worker-12] INFO  o.e.m.c.i.e.AbstractTransferListenerAdapter - Downloading https://repo.maven.apache.org/maven2/org/springframework/spring-orm/4.2.4.RELEASE/spring-orm-4.2.4.RELEASE.jar
2016-04-06 09:13:05,637 [Worker-12] INFO  o.e.m.c.i.e.AbstractTransferListenerAdapter - Downloaded https://repo.maven.apache.org/maven2/org/springframework/spring-orm/4.2.4.RELEASE/spring-orm-4.2.4.RELEASE.jar
2016-04-06 09:13:05,917 [Worker-12] INFO  o.e.m.c.i.e.AbstractTransferListenerAdapter - Downloading https://repo.maven.apache.org/maven2/org/springframework/spring-tx/4.2.4.RELEASE/spring-tx-4.2.4.RELEASE.jar
2016-04-06 09:13:06,237 [Worker-12] INFO  o.e.m.c.i.e.AbstractTransferListenerAdapter - Downloaded https://repo.maven.apache.org/maven2/org/springframework/spring-tx/4.2.4.RELEASE/spring-tx-4.2.4.RELEASE.jar
2016-04-06 09:13:06,513 [Worker-12] INFO  o.e.m.c.i.e.AbstractTransferListenerAdapter - Downloading https://repo.maven.apache.org/maven2/org/springframework/spring-aspects/4.2.4.RELEASE/spring-aspects-4.2.4.RELEASE.jar
2016-04-06 09:13:06,813 [Worker-12] INFO  o.e.m.c.i.e.AbstractTransferListenerAdapter - Downloaded https://repo.maven.apache.org/maven2/org/springframework/spring-aspects/4.2.4.RELEASE/spring-aspects-4.2.4.RELEASE.jar
2016-04-06 09:13:07,093 [Worker-12] INFO  o.e.m.c.i.e.AbstractTransferListenerAdapter - Downloading https://repo.maven.apache.org/maven2/com/h2database/h2/1.4.190/h2-1.4.190.jar
2016-04-06 09:13:07,593 [Worker-12] INFO  o.e.m.c.i.e.AbstractTransferListenerAdapter - Downloaded https://repo.maven.apache.org/maven2/com/h2database/h2/1.4.190/h2-1.4.190.jar
2016-04-06 09:13:07,868 [Worker-12] INFO  o.e.m.c.i.e.AbstractTransferListenerAdapter - Downloading https://repo.maven.apache.org/maven2/org/springframework/boot/spring-boot-starter-test/1.3.1.RELEASE/spring-boot-starter-test-1.3.1.RELEASE.jar
2016-04-06 09:13:08,148 [Worker-12] INFO  o.e.m.c.i.e.AbstractTransferListenerAdapter - Downloaded https://repo.maven.apache.org/maven2/org/springframework/boot/spring-boot-starter-test/1.3.1.RELEASE/spring-boot-starter-test-1.3.1.RELEASE.jar
2016-04-06 09:13:08,439 [Worker-12] INFO  o.e.m.c.i.e.AbstractTransferListenerAdapter - Downloading https://repo.maven.apache.org/maven2/org/springframework/spring-test/4.2.4.RELEASE/spring-test-4.2.4.RELEASE.jar
2016-04-06 09:13:08,809 [Worker-12] INFO  o.e.m.c.i.e.AbstractTransferListenerAdapter - Downloaded https://repo.maven.apache.org/maven2/org/springframework/spring-test/4.2.4.RELEASE/spring-test-4.2.4.RELEASE.jar
2016-04-06 09:13:10,139 [Worker-12] INFO  o.e.m.j.i.AbstractJavaProjectConfigurator - Adding source folder /das-boot/src/main/java
2016-04-06 09:13:10,139 [Worker-12] INFO  o.e.m.j.i.AbstractJavaProjectConfigurator - Adding resource folder /das-boot/src/main/resources
2016-04-06 09:13:10,139 [Worker-12] INFO  o.e.m.j.i.AbstractJavaProjectConfigurator - Adding resource folder /das-boot/src/main/resources
2016-04-06 09:13:10,139 [Worker-12] INFO  o.e.m.j.i.AbstractJavaProjectConfigurator - Adding source folder /das-boot/src/test/java
2016-04-06 09:13:10,569 [Worker-12] INFO  o.e.m.c.i.p.ProjectConfigurationManager - Update completed: 18 sec
2016-04-06 09:13:13,089 [Worker-2] INFO  o.e.m.c.i.embedder.EclipseLogger - Using 'UTF-8' encoding to copy filtered resources.
2016-04-06 09:13:13,089 [Worker-2] INFO  o.e.m.c.i.embedder.EclipseLogger - Copying 1 resource
2016-04-06 09:13:13,099 [Worker-2] INFO  o.e.m.c.i.embedder.EclipseLogger - Copying 60 resources
2016-04-06 09:13:13,269 [Worker-2] INFO  o.e.m.c.i.embedder.EclipseLogger - Using 'UTF-8' encoding to copy filtered resources.
2016-04-06 09:13:13,269 [Worker-2] INFO  o.e.m.c.i.embedder.EclipseLogger - skip non existing resourceDirectory C:\Users\vchou5\Desktop\EMSNew\das-boot\src\test\resources
2016-04-06 09:14:05,999 [Worker-14] INFO  o.e.m.c.i.embedder.EclipseLogger - Using 'UTF-8' encoding to copy filtered resources.
2016-04-06 09:14:05,999 [Worker-14] INFO  o.e.m.c.i.embedder.EclipseLogger - Copying 1 resource
2016-04-06 09:14:05,999 [Worker-14] INFO  o.e.m.c.i.embedder.EclipseLogger - Copying 0 resource
2016-04-06 09:14:06,009 [Worker-14] INFO  o.e.m.c.i.embedder.EclipseLogger - Using 'UTF-8' encoding to copy filtered resources.
2016-04-06 09:14:06,009 [Worker-14] INFO  o.e.m.c.i.embedder.EclipseLogger - skip non existing resourceDirectory C:\Users\vchou5\Desktop\EMSNew\das-boot\src\test\resources
2016-04-06 09:26:22,186 [Worker-20] INFO  o.e.m.c.i.l.LifecycleMappingFactory - Using org.eclipse.m2e.jdt.JarLifecycleMapping lifecycle mapping for MavenProject: com.boot:das-boot:0.0.1-SNAPSHOT @ C:\Users\vchou5\Desktop\EMSNew\das-boot\pom.xml.
2016-04-06 09:26:24,335 [Worker-20] INFO  o.e.m.c.i.e.AbstractTransferListenerAdapter - Downloading https://repo.maven.apache.org/maven2/org/flywaydb/flyway-core/3.2.1/flyway-core-3.2.1.pom
2016-04-06 09:26:24,610 [Worker-20] INFO  o.e.m.c.i.e.AbstractTransferListenerAdapter - Downloaded https://repo.maven.apache.org/maven2/org/flywaydb/flyway-core/3.2.1/flyway-core-3.2.1.pom
2016-04-06 09:26:24,894 [Worker-20] INFO  o.e.m.c.i.e.AbstractTransferListenerAdapter - Downloading https://repo.maven.apache.org/maven2/org/flywaydb/flyway-parent/3.2.1/flyway-parent-3.2.1.pom
2016-04-06 09:26:25,434 [Worker-20] INFO  o.e.m.c.i.e.AbstractTransferListenerAdapter - Downloaded https://repo.maven.apache.org/maven2/org/flywaydb/flyway-parent/3.2.1/flyway-parent-3.2.1.pom
2016-04-06 09:26:25,923 [Worker-20] INFO  o.e.m.c.i.e.AbstractTransferListenerAdapter - Downloading https://repo.maven.apache.org/maven2/org/flywaydb/flyway-core/3.2.1/flyway-core-3.2.1.jar
2016-04-06 09:26:27,020 [Worker-20] INFO  o.e.m.c.i.e.AbstractTransferListenerAdapter - Downloaded https://repo.maven.apache.org/maven2/org/flywaydb/flyway-core/3.2.1/flyway-core-3.2.1.jar
2016-04-06 09:26:27,751 [Worker-20] INFO  o.e.m.c.i.embedder.EclipseLogger - Using 'UTF-8' encoding to copy filtered resources.
2016-04-06 09:26:27,753 [Worker-20] INFO  o.e.m.c.i.embedder.EclipseLogger - Copying 0 resource
2016-04-06 09:26:27,753 [Worker-20] INFO  o.e.m.c.i.embedder.EclipseLogger - Copying 0 resource
2016-04-06 09:26:27,756 [Worker-20] INFO  o.e.m.c.i.embedder.EclipseLogger - Using 'UTF-8' encoding to copy filtered resources.
2016-04-06 09:26:27,756 [Worker-20] INFO  o.e.m.c.i.embedder.EclipseLogger - skip non existing resourceDirectory C:\Users\vchou5\Desktop\EMSNew\das-boot\src\test\resources
2016-04-06 09:26:31,766 [Worker-19] INFO  o.e.m.c.i.embedder.EclipseLogger - Using 'UTF-8' encoding to copy filtered resources.
2016-04-06 09:26:31,774 [Worker-19] INFO  o.e.m.c.i.embedder.EclipseLogger - Copying 1 resource
2016-04-06 09:26:31,790 [Worker-19] INFO  o.e.m.c.i.embedder.EclipseLogger - Copying 60 resources
2016-04-06 09:26:31,979 [Worker-19] INFO  o.e.m.c.i.embedder.EclipseLogger - Using 'UTF-8' encoding to copy filtered resources.
2016-04-06 09:26:31,979 [Worker-19] INFO  o.e.m.c.i.embedder.EclipseLogger - skip non existing resourceDirectory C:\Users\vchou5\Desktop\EMSNew\das-boot\src\test\resources
2016-04-06 09:27:14,583 [Worker-22] INFO  o.e.m.c.i.embedder.EclipseLogger - Using 'UTF-8' encoding to copy filtered resources.
2016-04-06 09:27:14,583 [Worker-22] INFO  o.e.m.c.i.embedder.EclipseLogger - Copying 0 resource
2016-04-06 09:27:14,584 [Worker-22] INFO  o.e.m.c.i.embedder.EclipseLogger - Copying 0 resource
2016-04-06 09:27:14,585 [Worker-22] INFO  o.e.m.c.i.embedder.EclipseLogger - Using 'UTF-8' encoding to copy filtered resources.
2016-04-06 09:27:14,585 [Worker-22] INFO  o.e.m.c.i.embedder.EclipseLogger - skip non existing resourceDirectory C:\Users\vchou5\Desktop\EMSNew\das-boot\src\test\resources
2016-04-06 09:27:31,815 [Worker-22] INFO  o.e.m.c.i.embedder.EclipseLogger - Using 'UTF-8' encoding to copy filtered resources.
2016-04-06 09:27:31,815 [Worker-22] INFO  o.e.m.c.i.embedder.EclipseLogger - Copying 0 resource
2016-04-06 09:27:31,815 [Worker-22] INFO  o.e.m.c.i.embedder.EclipseLogger - Copying 0 resource
2016-04-06 09:27:31,817 [Worker-22] INFO  o.e.m.c.i.embedder.EclipseLogger - Using 'UTF-8' encoding to copy filtered resources.
2016-04-06 09:27:31,817 [Worker-22] INFO  o.e.m.c.i.embedder.EclipseLogger - skip non existing resourceDirectory C:\Users\vchou5\Desktop\EMSNew\das-boot\src\test\resources
2016-04-06 09:28:11,569 [Worker-13] INFO  o.e.m.c.i.embedder.EclipseLogger - Using 'UTF-8' encoding to copy filtered resources.
2016-04-06 09:28:11,569 [Worker-13] INFO  o.e.m.c.i.embedder.EclipseLogger - Copying 0 resource
2016-04-06 09:28:11,569 [Worker-13] INFO  o.e.m.c.i.embedder.EclipseLogger - Copying 1 resource
2016-04-06 09:28:11,575 [Worker-13] INFO  o.e.m.c.i.embedder.EclipseLogger - Using 'UTF-8' encoding to copy filtered resources.
2016-04-06 09:28:11,575 [Worker-13] INFO  o.e.m.c.i.embedder.EclipseLogger - skip non existing resourceDirectory C:\Users\vchou5\Desktop\EMSNew\das-boot\src\test\resources
2016-04-06 09:28:30,573 [Worker-22] INFO  o.e.m.c.i.embedder.EclipseLogger - Using 'UTF-8' encoding to copy filtered resources.
2016-04-06 09:28:30,573 [Worker-22] INFO  o.e.m.c.i.embedder.EclipseLogger - Copying 0 resource
2016-04-06 09:28:30,574 [Worker-22] INFO  o.e.m.c.i.embedder.EclipseLogger - Copying 1 resource
2016-04-06 09:28:30,584 [Worker-22] INFO  o.e.m.c.i.embedder.EclipseLogger - Using 'UTF-8' encoding to copy filtered resources.
2016-04-06 09:28:30,585 [Worker-22] INFO  o.e.m.c.i.embedder.EclipseLogger - skip non existing resourceDirectory C:\Users\vchou5\Desktop\EMSNew\das-boot\src\test\resources
2016-04-06 09:30:53,456 [Worker-25] INFO  o.e.m.c.i.embedder.EclipseLogger - Using 'UTF-8' encoding to copy filtered resources.
2016-04-06 09:30:53,456 [Worker-25] INFO  o.e.m.c.i.embedder.EclipseLogger - Copying 0 resource
2016-04-06 09:30:53,456 [Worker-25] INFO  o.e.m.c.i.embedder.EclipseLogger - Copying 1 resource
2016-04-06 09:30:53,461 [Worker-25] INFO  o.e.m.c.i.embedder.EclipseLogger - Using 'UTF-8' encoding to copy filtered resources.
2016-04-06 09:30:53,461 [Worker-25] INFO  o.e.m.c.i.embedder.EclipseLogger - skip non existing resourceDirectory C:\Users\vchou5\Desktop\EMSNew\das-boot\src\test\resources
2016-04-06 09:47:20,266 [Worker-29] INFO  o.e.m.c.i.embedder.EclipseLogger - Using 'UTF-8' encoding to copy filtered resources.
2016-04-06 09:47:20,273 [Worker-29] INFO  o.e.m.c.i.embedder.EclipseLogger - Copying 1 resource
2016-04-06 09:47:20,284 [Worker-29] INFO  o.e.m.c.i.embedder.EclipseLogger - Copying 61 resources
2016-04-06 09:47:20,303 [Worker-29] INFO  o.e.m.c.i.embedder.EclipseLogger - Using 'UTF-8' encoding to copy filtered resources.
2016-04-06 09:47:20,304 [Worker-29] INFO  o.e.m.c.i.embedder.EclipseLogger - skip non existing resourceDirectory C:\Users\vchou5\Desktop\EMSNew\das-boot\src\test\resources
2016-04-06 09:47:23,687 [Worker-25] INFO  o.e.m.c.i.embedder.EclipseLogger - Using 'UTF-8' encoding to copy filtered resources.
2016-04-06 09:47:23,688 [Worker-25] INFO  o.e.m.c.i.embedder.EclipseLogger - Copying 0 resource
2016-04-06 09:47:23,688 [Worker-25] INFO  o.e.m.c.i.embedder.EclipseLogger - Copying 0 resource
2016-04-06 09:47:23,689 [Worker-25] INFO  o.e.m.c.i.embedder.EclipseLogger - Using 'UTF-8' encoding to copy filtered resources.
2016-04-06 09:47:23,689 [Worker-25] INFO  o.e.m.c.i.embedder.EclipseLogger - skip non existing resourceDirectory C:\Users\vchou5\Desktop\EMSNew\das-boot\src\test\resources
2016-04-06 09:47:40,488 [Worker-33] INFO  o.e.m.c.i.embedder.EclipseLogger - Using 'UTF-8' encoding to copy filtered resources.
2016-04-06 09:47:40,494 [Worker-33] INFO  o.e.m.c.i.embedder.EclipseLogger - Copying 1 resource
2016-04-06 09:47:40,502 [Worker-33] INFO  o.e.m.c.i.embedder.EclipseLogger - Copying 61 resources
2016-04-06 09:47:40,520 [Worker-33] INFO  o.e.m.c.i.embedder.EclipseLogger - Using 'UTF-8' encoding to copy filtered resources.
2016-04-06 09:47:40,520 [Worker-33] INFO  o.e.m.c.i.embedder.EclipseLogger - skip non existing resourceDirectory C:\Users\vchou5\Desktop\EMSNew\das-boot\src\test\resources
2016-04-06 09:53:00,851 [Worker-29] INFO  o.e.m.c.i.embedder.EclipseLogger - Using 'UTF-8' encoding to copy filtered resources.
2016-04-06 09:53:00,866 [Worker-29] INFO  o.e.m.c.i.embedder.EclipseLogger - Copying 1 resource
2016-04-06 09:53:00,884 [Worker-29] INFO  o.e.m.c.i.embedder.EclipseLogger - Copying 61 resources
2016-04-06 09:53:00,903 [Worker-29] INFO  o.e.m.c.i.embedder.EclipseLogger - Using 'UTF-8' encoding to copy filtered resources.
2016-04-06 09:53:00,904 [Worker-29] INFO  o.e.m.c.i.embedder.EclipseLogger - skip non existing resourceDirectory C:\Users\vchou5\Desktop\EMSNew\das-boot\src\test\resources
2016-04-06 09:53:18,443 [Worker-39] INFO  o.e.m.c.i.embedder.EclipseLogger - Using 'UTF-8' encoding to copy filtered resources.
2016-04-06 09:53:18,450 [Worker-39] INFO  o.e.m.c.i.embedder.EclipseLogger - Copying 1 resource
2016-04-06 09:53:18,458 [Worker-39] INFO  o.e.m.c.i.embedder.EclipseLogger - Copying 61 resources
2016-04-06 09:53:18,476 [Worker-39] INFO  o.e.m.c.i.embedder.EclipseLogger - Using 'UTF-8' encoding to copy filtered resources.
2016-04-06 09:53:18,477 [Worker-39] INFO  o.e.m.c.i.embedder.EclipseLogger - skip non existing resourceDirectory C:\Users\vchou5\Desktop\EMSNew\das-boot\src\test\resources
2016-04-06 09:53:35,250 [Worker-39] INFO  o.e.m.c.i.embedder.EclipseLogger - Using 'UTF-8' encoding to copy filtered resources.
2016-04-06 09:53:35,258 [Worker-39] INFO  o.e.m.c.i.embedder.EclipseLogger - Copying 1 resource
2016-04-06 09:53:35,268 [Worker-39] INFO  o.e.m.c.i.embedder.EclipseLogger - Copying 61 resources
2016-04-06 09:53:35,286 [Worker-39] INFO  o.e.m.c.i.embedder.EclipseLogger - Using 'UTF-8' encoding to copy filtered resources.
2016-04-06 09:53:35,286 [Worker-39] INFO  o.e.m.c.i.embedder.EclipseLogger - skip non existing resourceDirectory C:\Users\vchou5\Desktop\EMSNew\das-boot\src\test\resources
2016-04-06 09:53:47,250 [Worker-39] INFO  o.e.m.c.i.embedder.EclipseLogger - Using 'UTF-8' encoding to copy filtered resources.
2016-04-06 09:53:47,257 [Worker-39] INFO  o.e.m.c.i.embedder.EclipseLogger - Copying 1 resource
2016-04-06 09:53:47,265 [Worker-39] INFO  o.e.m.c.i.embedder.EclipseLogger - Copying 61 resources
2016-04-06 09:53:47,283 [Worker-39] INFO  o.e.m.c.i.embedder.EclipseLogger - Using 'UTF-8' encoding to copy filtered resources.
2016-04-06 09:53:47,283 [Worker-39] INFO  o.e.m.c.i.embedder.EclipseLogger - skip non existing resourceDirectory C:\Users\vchou5\Desktop\EMSNew\das-boot\src\test\resources
2016-04-06 09:54:18,476 [Worker-29] INFO  o.e.m.c.i.embedder.EclipseLogger - Using 'UTF-8' encoding to copy filtered resources.
2016-04-06 09:54:18,483 [Worker-29] INFO  o.e.m.c.i.embedder.EclipseLogger - Copying 1 resource
2016-04-06 09:54:18,490 [Worker-29] INFO  o.e.m.c.i.embedder.EclipseLogger - Copying 61 resources
2016-04-06 09:54:18,508 [Worker-29] INFO  o.e.m.c.i.embedder.EclipseLogger - Using 'UTF-8' encoding to copy filtered resources.
2016-04-06 09:54:18,508 [Worker-29] INFO  o.e.m.c.i.embedder.EclipseLogger - skip non existing resourceDirectory C:\Users\vchou5\Desktop\EMSNew\das-boot\src\test\resources
2016-04-06 09:54:26,882 [Worker-45] INFO  o.e.m.c.i.embedder.EclipseLogger - Using 'UTF-8' encoding to copy filtered resources.
2016-04-06 09:54:26,889 [Worker-45] INFO  o.e.m.c.i.embedder.EclipseLogger - Copying 1 resource
2016-04-06 09:54:26,896 [Worker-45] INFO  o.e.m.c.i.embedder.EclipseLogger - Copying 61 resources
2016-04-06 09:54:26,914 [Worker-45] INFO  o.e.m.c.i.embedder.EclipseLogger - Using 'UTF-8' encoding to copy filtered resources.
2016-04-06 09:54:26,915 [Worker-45] INFO  o.e.m.c.i.embedder.EclipseLogger - skip non existing resourceDirectory C:\Users\vchou5\Desktop\EMSNew\das-boot\src\test\resources
2016-04-06 10:05:39,395 [Worker-29] INFO  o.e.m.c.i.embedder.EclipseLogger - Using 'UTF-8' encoding to copy filtered resources.
2016-04-06 10:05:39,402 [Worker-29] INFO  o.e.m.c.i.embedder.EclipseLogger - Copying 1 resource
2016-04-06 10:05:39,411 [Worker-29] INFO  o.e.m.c.i.embedder.EclipseLogger - Copying 61 resources
2016-04-06 10:05:39,428 [Worker-29] INFO  o.e.m.c.i.embedder.EclipseLogger - Using 'UTF-8' encoding to copy filtered resources.
2016-04-06 10:05:39,429 [Worker-29] INFO  o.e.m.c.i.embedder.EclipseLogger - skip non existing resourceDirectory C:\Users\vchou5\Desktop\EMSNew\das-boot\src\test\resources
2016-04-06 10:05:49,957 [Worker-50] INFO  o.e.m.c.i.embedder.EclipseLogger - Using 'UTF-8' encoding to copy filtered resources.
2016-04-06 10:05:49,964 [Worker-50] INFO  o.e.m.c.i.embedder.EclipseLogger - Copying 1 resource
2016-04-06 10:05:49,975 [Worker-50] INFO  o.e.m.c.i.embedder.EclipseLogger - Copying 61 resources
2016-04-06 10:05:49,993 [Worker-50] INFO  o.e.m.c.i.embedder.EclipseLogger - Using 'UTF-8' encoding to copy filtered resources.
2016-04-06 10:05:49,993 [Worker-50] INFO  o.e.m.c.i.embedder.EclipseLogger - skip non existing resourceDirectory C:\Users\vchou5\Desktop\EMSNew\das-boot\src\test\resources
2016-04-06 10:06:02,015 [Worker-29] INFO  o.e.m.c.i.embedder.EclipseLogger - Using 'UTF-8' encoding to copy filtered resources.
2016-04-06 10:06:02,022 [Worker-29] INFO  o.e.m.c.i.embedder.EclipseLogger - Copying 1 resource
2016-04-06 10:06:02,030 [Worker-29] INFO  o.e.m.c.i.embedder.EclipseLogger - Copying 61 resources
2016-04-06 10:06:02,048 [Worker-29] INFO  o.e.m.c.i.embedder.EclipseLogger - Using 'UTF-8' encoding to copy filtered resources.
2016-04-06 10:06:02,048 [Worker-29] INFO  o.e.m.c.i.embedder.EclipseLogger - skip non existing resourceDirectory C:\Users\vchou5\Desktop\EMSNew\das-boot\src\test\resources
